<?xml version="1.0" encoding="UTF-8"?>
<robot generator="Robot 4.1.2 (Python 3.10.1 on win32)" generated="20211214 11:22:27.988" rpa="false" schemaversion="2">
<suite id="s1" name="Robotcode" source="C:\Users\ciriu\OneDrive\Documents\GitHub\RobotExercise1\Robotcode">
<suite id="s1-s1" name="Test" source="C:\Users\ciriu\OneDrive\Documents\GitHub\RobotExercise1\Robotcode\test.robot">
<test id="s1-s1-t1" name="Valid Login">
<kw name="Open Browser" library="SeleniumLibrary">
<arg>https://www.saucedemo.com/</arg>
<arg>chrome</arg>
<doc>Opens a new browser instance to the optional ``url``.</doc>
<msg timestamp="20211214 11:22:28.144" level="INFO">Opening browser 'chrome' to base url 'https://www.saucedemo.com/'.</msg>
<status status="PASS" starttime="20211214 11:22:28.144" endtime="20211214 11:22:30.267"/>
</kw>
<kw name="Maximize Browser Window" library="SeleniumLibrary">
<doc>Maximizes current browser window.</doc>
<status status="PASS" starttime="20211214 11:22:30.267" endtime="20211214 11:22:30.376"/>
</kw>
<kw name="Page Should Contain Button" library="SeleniumLibrary">
<arg>login-button</arg>
<doc>Verifies button ``locator`` is found from current page.</doc>
<msg timestamp="20211214 11:22:30.385" level="INFO">Current page contains input 'login-button'.</msg>
<status status="PASS" starttime="20211214 11:22:30.376" endtime="20211214 11:22:30.386"/>
</kw>
<kw name="Input Text" library="SeleniumLibrary">
<arg>user-name</arg>
<arg>standard_user</arg>
<doc>Types the given ``text`` into the text field identified by ``locator``.</doc>
<msg timestamp="20211214 11:22:30.386" level="INFO">Typing text 'standard_user' into text field 'user-name'.</msg>
<status status="PASS" starttime="20211214 11:22:30.386" endtime="20211214 11:22:30.435"/>
</kw>
<kw name="Input Password" library="SeleniumLibrary">
<arg>password</arg>
<arg>secret_sauce</arg>
<doc>Types the given password into the text field identified by ``locator``.</doc>
<msg timestamp="20211214 11:22:30.435" level="INFO">Typing password into text field 'password'.</msg>
<msg timestamp="20211214 11:22:30.454" level="INFO">Temporally setting log level to: NONE</msg>
<msg timestamp="20211214 11:22:30.477" level="INFO">Log level changed from NONE to INFO.</msg>
<status status="PASS" starttime="20211214 11:22:30.435" endtime="20211214 11:22:30.477"/>
</kw>
<kw name="Click Button" library="SeleniumLibrary">
<arg>login-button</arg>
<doc>Clicks the button identified by ``locator``.</doc>
<msg timestamp="20211214 11:22:30.477" level="INFO">Clicking button 'login-button'.</msg>
<status status="PASS" starttime="20211214 11:22:30.477" endtime="20211214 11:22:30.527"/>
</kw>
<kw name="Element Text Should Be" library="SeleniumLibrary">
<arg>class:title</arg>
<arg>PRODUCTS</arg>
<doc>Verifies that element ``locator`` contains exact the text ``expected``.</doc>
<msg timestamp="20211214 11:22:30.528" level="INFO">Verifying element 'class:title' contains exact text 'PRODUCTS'.</msg>
<status status="PASS" starttime="20211214 11:22:30.527" endtime="20211214 11:22:30.541"/>
</kw>
<kw name="Close Browser" library="SeleniumLibrary" type="TEARDOWN">
<doc>Closes the current browser.</doc>
<status status="PASS" starttime="20211214 11:22:30.542" endtime="20211214 11:22:32.598"/>
</kw>
<status status="PASS" starttime="20211214 11:22:28.143" endtime="20211214 11:22:32.598"/>
</test>
<test id="s1-s1-t2" name="Locked User Login">
<kw name="Open Browser" library="SeleniumLibrary">
<arg>https://www.saucedemo.com/</arg>
<arg>chrome</arg>
<doc>Opens a new browser instance to the optional ``url``.</doc>
<msg timestamp="20211214 11:22:32.600" level="INFO">Opening browser 'chrome' to base url 'https://www.saucedemo.com/'.</msg>
<status status="PASS" starttime="20211214 11:22:32.599" endtime="20211214 11:22:34.005"/>
</kw>
<kw name="Maximize Browser Window" library="SeleniumLibrary">
<doc>Maximizes current browser window.</doc>
<status status="PASS" starttime="20211214 11:22:34.006" endtime="20211214 11:22:34.115"/>
</kw>
<kw name="Page Should Contain Button" library="SeleniumLibrary">
<arg>login-button</arg>
<doc>Verifies button ``locator`` is found from current page.</doc>
<msg timestamp="20211214 11:22:34.124" level="INFO">Current page contains input 'login-button'.</msg>
<status status="PASS" starttime="20211214 11:22:34.115" endtime="20211214 11:22:34.124"/>
</kw>
<kw name="Input Text" library="SeleniumLibrary">
<arg>user-name</arg>
<arg>locked_out_user</arg>
<doc>Types the given ``text`` into the text field identified by ``locator``.</doc>
<msg timestamp="20211214 11:22:34.125" level="INFO">Typing text 'locked_out_user' into text field 'user-name'.</msg>
<status status="PASS" starttime="20211214 11:22:34.125" endtime="20211214 11:22:34.175"/>
</kw>
<kw name="Input Password" library="SeleniumLibrary">
<arg>password</arg>
<arg>secret_sauce</arg>
<doc>Types the given password into the text field identified by ``locator``.</doc>
<msg timestamp="20211214 11:22:34.176" level="INFO">Typing password into text field 'password'.</msg>
<msg timestamp="20211214 11:22:34.197" level="INFO">Temporally setting log level to: NONE</msg>
<msg timestamp="20211214 11:22:34.221" level="INFO">Log level changed from NONE to INFO.</msg>
<status status="PASS" starttime="20211214 11:22:34.176" endtime="20211214 11:22:34.221"/>
</kw>
<kw name="Click Button" library="SeleniumLibrary">
<arg>login-button</arg>
<doc>Clicks the button identified by ``locator``.</doc>
<msg timestamp="20211214 11:22:34.222" level="INFO">Clicking button 'login-button'.</msg>
<status status="PASS" starttime="20211214 11:22:34.221" endtime="20211214 11:22:34.249"/>
</kw>
<kw name="Element Text Should Be" library="SeleniumLibrary">
<arg>class:error-message-container</arg>
<arg>Epic sadface: Sorry, this user has been locked out.</arg>
<doc>Verifies that element ``locator`` contains exact the text ``expected``.</doc>
<msg timestamp="20211214 11:22:34.250" level="INFO">Verifying element 'class:error-message-container' contains exact text 'Epic sadface: Sorry, this user has been locked out.'.</msg>
<status status="PASS" starttime="20211214 11:22:34.250" endtime="20211214 11:22:34.263"/>
</kw>
<kw name="Close Browser" library="SeleniumLibrary" type="TEARDOWN">
<doc>Closes the current browser.</doc>
<status status="PASS" starttime="20211214 11:22:34.263" endtime="20211214 11:22:36.317"/>
</kw>
<status status="PASS" starttime="20211214 11:22:32.599" endtime="20211214 11:22:36.317"/>
</test>
<test id="s1-s1-t3" name="Wrong Password">
<kw name="Open Browser" library="SeleniumLibrary">
<arg>https://www.saucedemo.com/</arg>
<arg>chrome</arg>
<doc>Opens a new browser instance to the optional ``url``.</doc>
<msg timestamp="20211214 11:22:36.318" level="INFO">Opening browser 'chrome' to base url 'https://www.saucedemo.com/'.</msg>
<status status="PASS" starttime="20211214 11:22:36.318" endtime="20211214 11:22:37.739"/>
</kw>
<kw name="Maximize Browser Window" library="SeleniumLibrary">
<doc>Maximizes current browser window.</doc>
<status status="PASS" starttime="20211214 11:22:37.740" endtime="20211214 11:22:37.848"/>
</kw>
<kw name="Page Should Contain Button" library="SeleniumLibrary">
<arg>login-button</arg>
<doc>Verifies button ``locator`` is found from current page.</doc>
<msg timestamp="20211214 11:22:37.857" level="INFO">Current page contains input 'login-button'.</msg>
<status status="PASS" starttime="20211214 11:22:37.848" endtime="20211214 11:22:37.857"/>
</kw>
<kw name="Input Text" library="SeleniumLibrary">
<arg>user-name</arg>
<arg>locked_out_user</arg>
<doc>Types the given ``text`` into the text field identified by ``locator``.</doc>
<msg timestamp="20211214 11:22:37.857" level="INFO">Typing text 'locked_out_user' into text field 'user-name'.</msg>
<status status="PASS" starttime="20211214 11:22:37.857" endtime="20211214 11:22:37.908"/>
</kw>
<kw name="Input Password" library="SeleniumLibrary">
<arg>password</arg>
<arg>asdfghjkl</arg>
<doc>Types the given password into the text field identified by ``locator``.</doc>
<msg timestamp="20211214 11:22:37.908" level="INFO">Typing password into text field 'password'.</msg>
<msg timestamp="20211214 11:22:37.927" level="INFO">Temporally setting log level to: NONE</msg>
<msg timestamp="20211214 11:22:37.949" level="INFO">Log level changed from NONE to INFO.</msg>
<status status="PASS" starttime="20211214 11:22:37.908" endtime="20211214 11:22:37.949"/>
</kw>
<kw name="Click Button" library="SeleniumLibrary">
<arg>login-button</arg>
<doc>Clicks the button identified by ``locator``.</doc>
<msg timestamp="20211214 11:22:37.950" level="INFO">Clicking button 'login-button'.</msg>
<status status="PASS" starttime="20211214 11:22:37.949" endtime="20211214 11:22:37.975"/>
</kw>
<kw name="Element Text Should Be" library="SeleniumLibrary">
<arg>class:error-message-container</arg>
<arg>Epic sadface: Username and password do not match any user in this service</arg>
<doc>Verifies that element ``locator`` contains exact the text ``expected``.</doc>
<msg timestamp="20211214 11:22:37.975" level="INFO">Verifying element 'class:error-message-container' contains exact text 'Epic sadface: Username and password do not match any user in this service'.</msg>
<status status="PASS" starttime="20211214 11:22:37.975" endtime="20211214 11:22:37.989"/>
</kw>
<kw name="Close Browser" library="SeleniumLibrary" type="TEARDOWN">
<doc>Closes the current browser.</doc>
<status status="PASS" starttime="20211214 11:22:37.989" endtime="20211214 11:22:40.044"/>
</kw>
<status status="PASS" starttime="20211214 11:22:36.318" endtime="20211214 11:22:40.044"/>
</test>
<test id="s1-s1-t4" name="Problem user">
<kw name="Open Browser" library="SeleniumLibrary">
<arg>https://www.saucedemo.com/</arg>
<arg>chrome</arg>
<doc>Opens a new browser instance to the optional ``url``.</doc>
<msg timestamp="20211214 11:22:40.044" level="INFO">Opening browser 'chrome' to base url 'https://www.saucedemo.com/'.</msg>
<status status="PASS" starttime="20211214 11:22:40.044" endtime="20211214 11:22:41.461"/>
</kw>
<kw name="Maximize Browser Window" library="SeleniumLibrary">
<doc>Maximizes current browser window.</doc>
<status status="PASS" starttime="20211214 11:22:41.461" endtime="20211214 11:22:41.571"/>
</kw>
<kw name="Page Should Contain Button" library="SeleniumLibrary">
<arg>login-button</arg>
<doc>Verifies button ``locator`` is found from current page.</doc>
<msg timestamp="20211214 11:22:41.580" level="INFO">Current page contains input 'login-button'.</msg>
<status status="PASS" starttime="20211214 11:22:41.571" endtime="20211214 11:22:41.580"/>
</kw>
<kw name="Input Text" library="SeleniumLibrary">
<arg>user-name</arg>
<arg>problem_user</arg>
<doc>Types the given ``text`` into the text field identified by ``locator``.</doc>
<msg timestamp="20211214 11:22:41.581" level="INFO">Typing text 'problem_user' into text field 'user-name'.</msg>
<status status="PASS" starttime="20211214 11:22:41.580" endtime="20211214 11:22:41.630"/>
</kw>
<kw name="Input Password" library="SeleniumLibrary">
<arg>password</arg>
<arg>secret_sauce</arg>
<doc>Types the given password into the text field identified by ``locator``.</doc>
<msg timestamp="20211214 11:22:41.631" level="INFO">Typing password into text field 'password'.</msg>
<msg timestamp="20211214 11:22:41.650" level="INFO">Temporally setting log level to: NONE</msg>
<msg timestamp="20211214 11:22:41.674" level="INFO">Log level changed from NONE to INFO.</msg>
<status status="PASS" starttime="20211214 11:22:41.631" endtime="20211214 11:22:41.674"/>
</kw>
<kw name="Click Button" library="SeleniumLibrary">
<arg>login-button</arg>
<doc>Clicks the button identified by ``locator``.</doc>
<msg timestamp="20211214 11:22:41.674" level="INFO">Clicking button 'login-button'.</msg>
<status status="PASS" starttime="20211214 11:22:41.674" endtime="20211214 11:22:41.726"/>
</kw>
<kw name="Set Selenium Implicit Wait" library="SeleniumLibrary">
<arg>1 second</arg>
<doc>Sets the implicit wait value used by Selenium.</doc>
<status status="PASS" starttime="20211214 11:22:41.726" endtime="20211214 11:22:41.727"/>
</kw>
<kw name="Page Should Contain Image" library="SeleniumLibrary">
<arg>/static/media/sl-404.168b1cce.jpg</arg>
<doc>Verifies image identified by ``locator`` is found from current page.</doc>
<msg timestamp="20211214 11:22:41.735" level="INFO">Current page contains image '/static/media/sl-404.168b1cce.jpg'.</msg>
<status status="PASS" starttime="20211214 11:22:41.727" endtime="20211214 11:22:41.735"/>
</kw>
<kw name="Close Browser" library="SeleniumLibrary" type="TEARDOWN">
<doc>Closes the current browser.</doc>
<status status="PASS" starttime="20211214 11:22:41.736" endtime="20211214 11:22:43.789"/>
</kw>
<status status="PASS" starttime="20211214 11:22:40.044" endtime="20211214 11:22:43.789"/>
</test>
<test id="s1-s1-t5" name="A to Z">
<kw name="Open Browser" library="SeleniumLibrary">
<arg>https://www.saucedemo.com/</arg>
<arg>chrome</arg>
<doc>Opens a new browser instance to the optional ``url``.</doc>
<msg timestamp="20211214 11:22:43.790" level="INFO">Opening browser 'chrome' to base url 'https://www.saucedemo.com/'.</msg>
<status status="PASS" starttime="20211214 11:22:43.790" endtime="20211214 11:22:45.191"/>
</kw>
<kw name="Maximize Browser Window" library="SeleniumLibrary">
<doc>Maximizes current browser window.</doc>
<status status="PASS" starttime="20211214 11:22:45.192" endtime="20211214 11:22:45.301"/>
</kw>
<kw name="Page Should Contain Button" library="SeleniumLibrary">
<arg>login-button</arg>
<doc>Verifies button ``locator`` is found from current page.</doc>
<msg timestamp="20211214 11:22:45.309" level="INFO">Current page contains input 'login-button'.</msg>
<status status="PASS" starttime="20211214 11:22:45.301" endtime="20211214 11:22:45.309"/>
</kw>
<kw name="Input Text" library="SeleniumLibrary">
<arg>user-name</arg>
<arg>standard_user</arg>
<doc>Types the given ``text`` into the text field identified by ``locator``.</doc>
<msg timestamp="20211214 11:22:45.310" level="INFO">Typing text 'standard_user' into text field 'user-name'.</msg>
<status status="PASS" starttime="20211214 11:22:45.309" endtime="20211214 11:22:45.360"/>
</kw>
<kw name="Input Password" library="SeleniumLibrary">
<arg>password</arg>
<arg>secret_sauce</arg>
<doc>Types the given password into the text field identified by ``locator``.</doc>
<msg timestamp="20211214 11:22:45.360" level="INFO">Typing password into text field 'password'.</msg>
<msg timestamp="20211214 11:22:45.381" level="INFO">Temporally setting log level to: NONE</msg>
<msg timestamp="20211214 11:22:45.408" level="INFO">Log level changed from NONE to INFO.</msg>
<status status="PASS" starttime="20211214 11:22:45.360" endtime="20211214 11:22:45.408"/>
</kw>
<kw name="Click Button" library="SeleniumLibrary">
<arg>login-button</arg>
<doc>Clicks the button identified by ``locator``.</doc>
<msg timestamp="20211214 11:22:45.409" level="INFO">Clicking button 'login-button'.</msg>
<status status="PASS" starttime="20211214 11:22:45.408" endtime="20211214 11:22:45.464"/>
</kw>
<kw name="Element Text Should Be" library="SeleniumLibrary">
<arg>class:title</arg>
<arg>PRODUCTS</arg>
<doc>Verifies that element ``locator`` contains exact the text ``expected``.</doc>
<msg timestamp="20211214 11:22:45.465" level="INFO">Verifying element 'class:title' contains exact text 'PRODUCTS'.</msg>
<status status="PASS" starttime="20211214 11:22:45.465" endtime="20211214 11:22:45.478"/>
</kw>
<kw name="Select From List By Value" library="SeleniumLibrary">
<arg>class:product_sort_container</arg>
<arg>az</arg>
<doc>Selects options from selection list ``locator`` by ``values``.</doc>
<msg timestamp="20211214 11:22:45.478" level="INFO">Selecting options from selection list 'class:product_sort_container' by value az.</msg>
<status status="PASS" starttime="20211214 11:22:45.478" endtime="20211214 11:22:45.501"/>
</kw>
<kw name="Element Text Should Be" library="SeleniumLibrary">
<arg>class:active_option</arg>
<arg>NAME (A TO Z)</arg>
<doc>Verifies that element ``locator`` contains exact the text ``expected``.</doc>
<msg timestamp="20211214 11:22:45.502" level="INFO">Verifying element 'class:active_option' contains exact text 'NAME (A TO Z)'.</msg>
<status status="PASS" starttime="20211214 11:22:45.502" endtime="20211214 11:22:45.516"/>
</kw>
<status status="PASS" starttime="20211214 11:22:43.790" endtime="20211214 11:22:45.517"/>
</test>
<test id="s1-s1-t6" name="Z to A">
<kw name="Select From List By Value" library="SeleniumLibrary">
<arg>class:product_sort_container</arg>
<arg>za</arg>
<doc>Selects options from selection list ``locator`` by ``values``.</doc>
<msg timestamp="20211214 11:22:45.519" level="INFO">Selecting options from selection list 'class:product_sort_container' by value za.</msg>
<status status="PASS" starttime="20211214 11:22:45.519" endtime="20211214 11:22:45.593"/>
</kw>
<kw name="Element Text Should Be" library="SeleniumLibrary">
<arg>class:active_option</arg>
<arg>NAME (Z TO A)</arg>
<doc>Verifies that element ``locator`` contains exact the text ``expected``.</doc>
<msg timestamp="20211214 11:22:45.594" level="INFO">Verifying element 'class:active_option' contains exact text 'NAME (Z TO A)'.</msg>
<status status="PASS" starttime="20211214 11:22:45.594" endtime="20211214 11:22:45.603"/>
</kw>
<status status="PASS" starttime="20211214 11:22:45.518" endtime="20211214 11:22:45.604"/>
</test>
<test id="s1-s1-t7" name="Low High">
<kw name="Select From List By Value" library="SeleniumLibrary">
<arg>class:product_sort_container</arg>
<arg>lohi</arg>
<doc>Selects options from selection list ``locator`` by ``values``.</doc>
<msg timestamp="20211214 11:22:45.605" level="INFO">Selecting options from selection list 'class:product_sort_container' by value lohi.</msg>
<status status="PASS" starttime="20211214 11:22:45.605" endtime="20211214 11:22:45.646"/>
</kw>
<kw name="Element Text Should Be" library="SeleniumLibrary">
<arg>class:active_option</arg>
<arg>PRICE (LOW TO HIGH)</arg>
<doc>Verifies that element ``locator`` contains exact the text ``expected``.</doc>
<msg timestamp="20211214 11:22:45.647" level="INFO">Verifying element 'class:active_option' contains exact text 'PRICE (LOW TO HIGH)'.</msg>
<status status="PASS" starttime="20211214 11:22:45.647" endtime="20211214 11:22:45.656"/>
</kw>
<status status="PASS" starttime="20211214 11:22:45.604" endtime="20211214 11:22:45.657"/>
</test>
<test id="s1-s1-t8" name="High Low">
<kw name="Select From List By Value" library="SeleniumLibrary">
<arg>class:product_sort_container</arg>
<arg>hilo</arg>
<doc>Selects options from selection list ``locator`` by ``values``.</doc>
<msg timestamp="20211214 11:22:45.658" level="INFO">Selecting options from selection list 'class:product_sort_container' by value hilo.</msg>
<status status="PASS" starttime="20211214 11:22:45.657" endtime="20211214 11:22:45.687"/>
</kw>
<kw name="Element Text Should Be" library="SeleniumLibrary">
<arg>class:active_option</arg>
<arg>PRICE (HIGH TO LOW)</arg>
<doc>Verifies that element ``locator`` contains exact the text ``expected``.</doc>
<msg timestamp="20211214 11:22:45.688" level="INFO">Verifying element 'class:active_option' contains exact text 'PRICE (HIGH TO LOW)'.</msg>
<status status="PASS" starttime="20211214 11:22:45.688" endtime="20211214 11:22:45.697"/>
</kw>
<kw name="Close Browser" library="SeleniumLibrary" type="TEARDOWN">
<doc>Closes the current browser.</doc>
<status status="PASS" starttime="20211214 11:22:45.697" endtime="20211214 11:22:47.758"/>
</kw>
<status status="PASS" starttime="20211214 11:22:45.657" endtime="20211214 11:22:47.758"/>
</test>
<doc>Test cases</doc>
<status status="PASS" starttime="20211214 11:22:28.009" endtime="20211214 11:22:47.759"/>
</suite>
<status status="PASS" starttime="20211214 11:22:27.989" endtime="20211214 11:22:47.761"/>
</suite>
<statistics>
<total>
<stat pass="8" fail="0" skip="0">All Tests</stat>
</total>
<tag>
</tag>
<suite>
<stat pass="8" fail="0" skip="0" id="s1" name="Robotcode">Robotcode</stat>
<stat pass="8" fail="0" skip="0" id="s1-s1" name="Test">Robotcode.Test</stat>
</suite>
</statistics>
<errors>
</errors>
</robot>
